{
"contracts\\TokenConversionManager.sol":{"l":{"27":3,"28":3,"33":1,"34":1,"36":1,"43":1,"45":1,"52":5,"55":3,"57":3,"58":3,"61":1,"62":1,"65":1,"67":1,"74":3},"path":"C:\\MyProjects\\SingularityNet\\token_manager\\converter-token-manager\\contracts\\TokenConversionManager.sol","s":{"1":3,"2":3,"3":1,"4":1,"5":1,"6":1,"7":1,"8":5,"9":3,"10":3,"11":3,"12":1,"13":1,"14":1,"15":1,"16":3},"b":{"1":[1,0],"2":[1,0],"3":[3,2],"4":[1,2],"5":[1,0],"6":[1,0]},"f":{"1":3,"2":1,"3":1,"4":5,"5":3},"fnMap":{"1":{"name":"constructor","line":24,"loc":{"start":{"line":24,"column":4},"end":{"line":29,"column":4}}},"2":{"name":"updateAuthorizer","line":31,"loc":{"start":{"line":31,"column":4},"end":{"line":37,"column":4}}},"3":{"name":"lockTokens","line":40,"loc":{"start":{"line":40,"column":4},"end":{"line":47,"column":4}}},"4":{"name":"unLockTokens","line":49,"loc":{"start":{"line":49,"column":4},"end":{"line":69,"column":4}}},"5":{"name":"prefixed","line":72,"loc":{"start":{"line":72,"column":4},"end":{"line":75,"column":4}}}},"statementMap":{"1":{"start":{"line":27,"column":8},"end":{"line":27,"column":28}},"2":{"start":{"line":28,"column":8},"end":{"line":28,"column":40}},"3":{"start":{"line":33,"column":8},"end":{"line":33,"column":71}},"4":{"start":{"line":34,"column":8},"end":{"line":34,"column":43}},"5":{"start":{"line":36,"column":8},"end":{"line":36,"column":41}},"6":{"start":{"line":43,"column":8},"end":{"line":43,"column":113}},"7":{"start":{"line":45,"column":8},"end":{"line":45,"column":42}},"8":{"start":{"line":52,"column":8},"end":{"line":52,"column":94}},"9":{"start":{"line":55,"column":8},"end":{"line":55,"column":133}},"10":{"start":{"line":57,"column":8},"end":{"line":57,"column":57}},"11":{"start":{"line":58,"column":8},"end":{"line":58,"column":83}},"12":{"start":{"line":61,"column":8},"end":{"line":61,"column":77}},"13":{"start":{"line":62,"column":8},"end":{"line":62,"column":37}},"14":{"start":{"line":65,"column":8},"end":{"line":65,"column":93}},"15":{"start":{"line":67,"column":8},"end":{"line":67,"column":54}},"16":{"start":{"line":74,"column":8},"end":{"line":74,"column":84}}},"branchMap":{"1":{"line":33,"type":"if","locations":[{"start":{"line":33,"column":8},"end":{"line":33,"column":8}},{"start":{"line":33,"column":8},"end":{"line":33,"column":8}}]},"2":{"line":43,"type":"if","locations":[{"start":{"line":43,"column":8},"end":{"line":43,"column":8}},{"start":{"line":43,"column":8},"end":{"line":43,"column":8}}]},"3":{"line":52,"type":"if","locations":[{"start":{"line":52,"column":8},"end":{"line":52,"column":8}},{"start":{"line":52,"column":8},"end":{"line":52,"column":8}}]},"4":{"line":58,"type":"if","locations":[{"start":{"line":58,"column":8},"end":{"line":58,"column":8}},{"start":{"line":58,"column":8},"end":{"line":58,"column":8}}]},"5":{"line":61,"type":"if","locations":[{"start":{"line":61,"column":8},"end":{"line":61,"column":8}},{"start":{"line":61,"column":8},"end":{"line":61,"column":8}}]},"6":{"line":65,"type":"if","locations":[{"start":{"line":65,"column":8},"end":{"line":65,"column":8}},{"start":{"line":65,"column":8},"end":{"line":65,"column":8}}]}}}}
