{
"contracts\\TokenConversionManager.sol":{"l":{"28":3,"29":3,"34":1,"35":1,"37":1,"44":5,"47":5,"50":5,"51":5,"54":3,"55":1,"58":1,"60":1,"67":5,"70":5,"73":5,"74":5,"77":3,"78":1,"86":1,"89":1,"91":1,"98":10},"path":"C:\\MyProjects\\SingularityNet\\token_manager\\converter-token-manager\\contracts\\TokenConversionManager.sol","s":{"1":3,"2":3,"3":1,"4":1,"5":1,"6":5,"7":5,"8":5,"9":5,"10":3,"11":1,"12":1,"13":1,"14":5,"15":5,"16":5,"17":5,"18":3,"19":1,"20":1,"21":1,"22":1,"23":10},"b":{"1":[1,0],"2":[5,0],"3":[3,2],"4":[1,2],"5":[5,0],"6":[3,2],"7":[1,2],"8":[1,0]},"f":{"1":3,"2":1,"3":5,"4":5,"5":10},"fnMap":{"1":{"name":"constructor","line":25,"loc":{"start":{"line":25,"column":4},"end":{"line":30,"column":4}}},"2":{"name":"updateAuthorizer","line":32,"loc":{"start":{"line":32,"column":4},"end":{"line":38,"column":4}}},"3":{"name":"conversionOut","line":41,"loc":{"start":{"line":41,"column":4},"end":{"line":62,"column":4}}},"4":{"name":"conversionIn","line":65,"loc":{"start":{"line":65,"column":4},"end":{"line":93,"column":4}}},"5":{"name":"prefixed","line":96,"loc":{"start":{"line":96,"column":4},"end":{"line":99,"column":4}}}},"statementMap":{"1":{"start":{"line":28,"column":8},"end":{"line":28,"column":36}},"2":{"start":{"line":29,"column":8},"end":{"line":29,"column":40}},"3":{"start":{"line":34,"column":8},"end":{"line":34,"column":71}},"4":{"start":{"line":35,"column":8},"end":{"line":35,"column":43}},"5":{"start":{"line":37,"column":8},"end":{"line":37,"column":41}},"6":{"start":{"line":44,"column":8},"end":{"line":44,"column":75}},"7":{"start":{"line":47,"column":8},"end":{"line":47,"column":122}},"8":{"start":{"line":50,"column":8},"end":{"line":50,"column":57}},"9":{"start":{"line":51,"column":8},"end":{"line":51,"column":83}},"10":{"start":{"line":54,"column":8},"end":{"line":54,"column":77}},"11":{"start":{"line":55,"column":8},"end":{"line":55,"column":37}},"12":{"start":{"line":58,"column":8},"end":{"line":58,"column":41}},"13":{"start":{"line":60,"column":8},"end":{"line":60,"column":60}},"14":{"start":{"line":67,"column":7},"end":{"line":67,"column":49}},"15":{"start":{"line":70,"column":8},"end":{"line":70,"column":121}},"16":{"start":{"line":73,"column":8},"end":{"line":73,"column":57}},"17":{"start":{"line":74,"column":8},"end":{"line":74,"column":83}},"18":{"start":{"line":77,"column":8},"end":{"line":77,"column":77}},"19":{"start":{"line":78,"column":8},"end":{"line":78,"column":37}},"20":{"start":{"line":86,"column":8},"end":{"line":86,"column":108}},"21":{"start":{"line":89,"column":8},"end":{"line":89,"column":46}},"22":{"start":{"line":91,"column":8},"end":{"line":91,"column":59}},"23":{"start":{"line":98,"column":8},"end":{"line":98,"column":84}}},"branchMap":{"1":{"line":34,"type":"if","locations":[{"start":{"line":34,"column":8},"end":{"line":34,"column":8}},{"start":{"line":34,"column":8},"end":{"line":34,"column":8}}]},"2":{"line":44,"type":"if","locations":[{"start":{"line":44,"column":8},"end":{"line":44,"column":8}},{"start":{"line":44,"column":8},"end":{"line":44,"column":8}}]},"3":{"line":51,"type":"if","locations":[{"start":{"line":51,"column":8},"end":{"line":51,"column":8}},{"start":{"line":51,"column":8},"end":{"line":51,"column":8}}]},"4":{"line":54,"type":"if","locations":[{"start":{"line":54,"column":8},"end":{"line":54,"column":8}},{"start":{"line":54,"column":8},"end":{"line":54,"column":8}}]},"5":{"line":67,"type":"if","locations":[{"start":{"line":67,"column":7},"end":{"line":67,"column":7}},{"start":{"line":67,"column":7},"end":{"line":67,"column":7}}]},"6":{"line":74,"type":"if","locations":[{"start":{"line":74,"column":8},"end":{"line":74,"column":8}},{"start":{"line":74,"column":8},"end":{"line":74,"column":8}}]},"7":{"line":77,"type":"if","locations":[{"start":{"line":77,"column":8},"end":{"line":77,"column":8}},{"start":{"line":77,"column":8},"end":{"line":77,"column":8}}]},"8":{"line":89,"type":"if","locations":[{"start":{"line":89,"column":8},"end":{"line":89,"column":8}},{"start":{"line":89,"column":8},"end":{"line":89,"column":8}}]}}}}
