TN:
SF:C:\MyProjects\SingularityNet\token_manager\converter-token-manager\contracts\TokenConversionManager.sol
FN:25,constructor
FN:32,updateAuthorizer
FN:41,conversionOut
FN:65,conversionIn
FN:96,prefixed
FNF:5
FNH:5
FNDA:3,constructor
FNDA:1,updateAuthorizer
FNDA:5,conversionOut
FNDA:5,conversionIn
FNDA:10,prefixed
DA:28,3
DA:29,3
DA:34,1
DA:35,1
DA:37,1
DA:44,5
DA:47,5
DA:50,5
DA:51,5
DA:54,3
DA:55,1
DA:58,1
DA:60,1
DA:67,5
DA:70,5
DA:73,5
DA:74,5
DA:77,3
DA:78,1
DA:86,1
DA:89,1
DA:91,1
DA:98,10
LF:23
LH:23
BRDA:34,1,0,1
BRDA:34,1,1,0
BRDA:44,2,0,5
BRDA:44,2,1,0
BRDA:51,3,0,3
BRDA:51,3,1,2
BRDA:54,4,0,1
BRDA:54,4,1,2
BRDA:67,5,0,5
BRDA:67,5,1,0
BRDA:74,6,0,3
BRDA:74,6,1,2
BRDA:77,7,0,1
BRDA:77,7,1,2
BRDA:89,8,0,1
BRDA:89,8,1,0
BRF:16
BRH:12
end_of_record
