TN:
SF:C:\MyProjects\SingularityNet\token_manager\converter-token-manager\contracts\TokenConversionManager.sol
FN:24,constructor
FN:31,updateAuthorizer
FN:40,lockTokens
FN:49,unLockTokens
FN:72,prefixed
FNF:5
FNH:5
FNDA:3,constructor
FNDA:1,updateAuthorizer
FNDA:1,lockTokens
FNDA:5,unLockTokens
FNDA:3,prefixed
DA:27,3
DA:28,3
DA:33,1
DA:34,1
DA:36,1
DA:43,1
DA:45,1
DA:52,5
DA:55,3
DA:57,3
DA:58,3
DA:61,1
DA:62,1
DA:65,1
DA:67,1
DA:74,3
LF:16
LH:16
BRDA:33,1,0,1
BRDA:33,1,1,0
BRDA:43,2,0,1
BRDA:43,2,1,0
BRDA:52,3,0,3
BRDA:52,3,1,2
BRDA:58,4,0,1
BRDA:58,4,1,2
BRDA:61,5,0,1
BRDA:61,5,1,0
BRDA:65,6,0,1
BRDA:65,6,1,0
BRF:12
BRH:8
end_of_record
